2023-11-22T14:38:30+00:00 CRITICAL Uncaught ArgumentCountError: 4 arguments are required, 2 given in C:\laragon\www\BanThietBiDiDong\wp-content\plugins\woocommerce\templates\myaccount\dashboard.php:81
Stack trace:
#0 C:\laragon\www\BanThietBiDiDong\wp-content\plugins\woocommerce\templates\myaccount\dashboard.php(81): printf('<a href="%3$s">...', 'http://localhos...')
#1 C:\laragon\www\BanThietBiDiDong\wp-content\plugins\woocommerce\includes\wc-core-functions.php(345): include('C:\\laragon\\www\\...')
#2 C:\laragon\www\BanThietBiDiDong\wp-content\plugins\woocommerce\includes\wc-template-functions.php(3223): wc_get_template('myaccount/dashb...', Array)
#3 C:\laragon\www\BanThietBiDiDong\wp-includes\class-wp-hook.php(324): woocommerce_account_content('')
#4 C:\laragon\www\BanThietBiDiDong\wp-includes\class-wp-hook.php(348): WP_Hook->apply_filters(NULL, Array)
#5 C:\laragon\www\BanThietBiDiDong\wp-includes\plugin.php(517): WP_Hook->do_action(Array)
#6 C:\laragon\www\BanThietBiDiDong\wp-content\plugins\woocommerce\templates\myaccount\my-account.php(34): do_action('woocommerce_acc...')
#7 C:\laragon\www\BanThietBiDiDong\wp-content\plugins\woocommerce\includes\wc-core-functions.php(345): include('C:\\laragon\\www\\...')
#8 C:\laragon\www\BanThietBiDiDong\wp-content\plugins\woocommerce\includes\shortcodes\class-wc-shortcode-my-account.php(123): wc_get_template('myaccount/my-ac...', Array)
#9 C:\laragon\www\BanThietBiDiDong\wp-content\plugins\woocommerce\includes\shortcodes\class-wc-shortcode-my-account.php(72): WC_Shortcode_My_Account::my_account('')
#10 C:\laragon\www\BanThietBiDiDong\wp-content\plugins\woocommerce\includes\class-wc-shortcodes.php(72): WC_Shortcode_My_Account::output('')
#11 C:\laragon\www\BanThietBiDiDong\wp-content\plugins\woocommerce\includes\class-wc-shortcodes.php(115): WC_Shortcodes::shortcode_wrapper(Array, '')
#12 C:\laragon\www\BanThietBiDiDong\wp-includes\shortcodes.php(433): WC_Shortcodes::my_account('', '', 'woocommerce_my_...')
#13 [internal function]: do_shortcode_tag(Array)
#14 C:\laragon\www\BanThietBiDiDong\wp-includes\shortcodes.php(273): preg_replace_callback('/\\[(\\[?)(woocom...', 'do_shortcode_ta...', '[woocommerce_my...')
#15 C:\laragon\www\BanThietBiDiDong\wp-includes\class-wp-hook.php(324): do_shortcode('[woocommerce_my...')
#16 C:\laragon\www\BanThietBiDiDong\wp-includes\plugin.php(205): WP_Hook->apply_filters('[woocommerce_my...', Array)
#17 C:\laragon\www\BanThietBiDiDong\wp-includes\post-template.php(256): apply_filters('the_content', '<!-- wp:shortco...')
#18 C:\laragon\www\BanThietBiDiDong\wp-content\themes\orchid-store\template-parts\content-page.php(40): the_content()
#19 C:\laragon\www\BanThietBiDiDong\wp-includes\template.php(792): require('C:\\laragon\\www\\...')
#20 C:\laragon\www\BanThietBiDiDong\wp-includes\template.php(725): load_template('C:\\laragon\\www\\...', false, Array)
#21 C:\laragon\www\BanThietBiDiDong\wp-includes\general-template.php(206): locate_template(Array, true, false, Array)
#22 C:\laragon\www\BanThietBiDiDong\wp-content\themes\orchid-store\page.php(44): get_template_part('template-parts/...', 'page')
#23 C:\laragon\www\BanThietBiDiDong\wp-includes\template-loader.php(106): include('C:\\laragon\\www\\...')
#24 C:\laragon\www\BanThietBiDiDong\wp-blog-header.php(19): require_once('C:\\laragon\\www\\...')
#25 C:\laragon\www\BanThietBiDiDong\index.php(17): require('C:\\laragon\\www\\...')
#26 {main}
  thrown in C:\laragon\www\BanThietBiDiDong\wp-content\plugins\woocommerce\templates\myaccount\dashboard.php on line 81

2023-11-22T14:38:44+00:00 CRITICAL Uncaught ArgumentCountError: 4 arguments are required, 2 given in C:\laragon\www\BanThietBiDiDong\wp-content\plugins\woocommerce\templates\myaccount\dashboard.php:81
Stack trace:
#0 C:\laragon\www\BanThietBiDiDong\wp-content\plugins\woocommerce\templates\myaccount\dashboard.php(81): printf('<a href="%3$s">...', 'http://localhos...')
#1 C:\laragon\www\BanThietBiDiDong\wp-content\plugins\woocommerce\includes\wc-core-functions.php(345): include('C:\\laragon\\www\\...')
#2 C:\laragon\www\BanThietBiDiDong\wp-content\plugins\woocommerce\includes\wc-template-functions.php(3223): wc_get_template('myaccount/dashb...', Array)
#3 C:\laragon\www\BanThietBiDiDong\wp-includes\class-wp-hook.php(324): woocommerce_account_content('')
#4 C:\laragon\www\BanThietBiDiDong\wp-includes\class-wp-hook.php(348): WP_Hook->apply_filters(NULL, Array)
#5 C:\laragon\www\BanThietBiDiDong\wp-includes\plugin.php(517): WP_Hook->do_action(Array)
#6 C:\laragon\www\BanThietBiDiDong\wp-content\plugins\woocommerce\templates\myaccount\my-account.php(34): do_action('woocommerce_acc...')
#7 C:\laragon\www\BanThietBiDiDong\wp-content\plugins\woocommerce\includes\wc-core-functions.php(345): include('C:\\laragon\\www\\...')
#8 C:\laragon\www\BanThietBiDiDong\wp-content\plugins\woocommerce\includes\shortcodes\class-wc-shortcode-my-account.php(123): wc_get_template('myaccount/my-ac...', Array)
#9 C:\laragon\www\BanThietBiDiDong\wp-content\plugins\woocommerce\includes\shortcodes\class-wc-shortcode-my-account.php(72): WC_Shortcode_My_Account::my_account('')
#10 C:\laragon\www\BanThietBiDiDong\wp-content\plugins\woocommerce\includes\class-wc-shortcodes.php(72): WC_Shortcode_My_Account::output('')
#11 C:\laragon\www\BanThietBiDiDong\wp-content\plugins\woocommerce\includes\class-wc-shortcodes.php(115): WC_Shortcodes::shortcode_wrapper(Array, '')
#12 C:\laragon\www\BanThietBiDiDong\wp-includes\shortcodes.php(433): WC_Shortcodes::my_account('', '', 'woocommerce_my_...')
#13 [internal function]: do_shortcode_tag(Array)
#14 C:\laragon\www\BanThietBiDiDong\wp-includes\shortcodes.php(273): preg_replace_callback('/\\[(\\[?)(woocom...', 'do_shortcode_ta...', '[woocommerce_my...')
#15 C:\laragon\www\BanThietBiDiDong\wp-includes\class-wp-hook.php(324): do_shortcode('[woocommerce_my...')
#16 C:\laragon\www\BanThietBiDiDong\wp-includes\plugin.php(205): WP_Hook->apply_filters('[woocommerce_my...', Array)
#17 C:\laragon\www\BanThietBiDiDong\wp-includes\post-template.php(256): apply_filters('the_content', '<!-- wp:shortco...')
#18 C:\laragon\www\BanThietBiDiDong\wp-content\themes\orchid-store\template-parts\content-page.php(40): the_content()
#19 C:\laragon\www\BanThietBiDiDong\wp-includes\template.php(792): require('C:\\laragon\\www\\...')
#20 C:\laragon\www\BanThietBiDiDong\wp-includes\template.php(725): load_template('C:\\laragon\\www\\...', false, Array)
#21 C:\laragon\www\BanThietBiDiDong\wp-includes\general-template.php(206): locate_template(Array, true, false, Array)
#22 C:\laragon\www\BanThietBiDiDong\wp-content\themes\orchid-store\page.php(44): get_template_part('template-parts/...', 'page')
#23 C:\laragon\www\BanThietBiDiDong\wp-includes\template-loader.php(106): include('C:\\laragon\\www\\...')
#24 C:\laragon\www\BanThietBiDiDong\wp-blog-header.php(19): require_once('C:\\laragon\\www\\...')
#25 C:\laragon\www\BanThietBiDiDong\index.php(17): require('C:\\laragon\\www\\...')
#26 {main}
  thrown in C:\laragon\www\BanThietBiDiDong\wp-content\plugins\woocommerce\templates\myaccount\dashboard.php on line 81

2023-11-22T14:39:01+00:00 CRITICAL Uncaught ArgumentCountError: 4 arguments are required, 3 given in C:\laragon\www\BanThietBiDiDong\wp-content\plugins\woocommerce\templates\myaccount\dashboard.php:83
Stack trace:
#0 C:\laragon\www\BanThietBiDiDong\wp-content\plugins\woocommerce\templates\myaccount\dashboard.php(83): printf('<a href="%3$s">...', 'http://localhos...', 'http://localhos...')
#1 C:\laragon\www\BanThietBiDiDong\wp-content\plugins\woocommerce\includes\wc-core-functions.php(345): include('C:\\laragon\\www\\...')
#2 C:\laragon\www\BanThietBiDiDong\wp-content\plugins\woocommerce\includes\wc-template-functions.php(3223): wc_get_template('myaccount/dashb...', Array)
#3 C:\laragon\www\BanThietBiDiDong\wp-includes\class-wp-hook.php(324): woocommerce_account_content('')
#4 C:\laragon\www\BanThietBiDiDong\wp-includes\class-wp-hook.php(348): WP_Hook->apply_filters(NULL, Array)
#5 C:\laragon\www\BanThietBiDiDong\wp-includes\plugin.php(517): WP_Hook->do_action(Array)
#6 C:\laragon\www\BanThietBiDiDong\wp-content\plugins\woocommerce\templates\myaccount\my-account.php(34): do_action('woocommerce_acc...')
#7 C:\laragon\www\BanThietBiDiDong\wp-content\plugins\woocommerce\includes\wc-core-functions.php(345): include('C:\\laragon\\www\\...')
#8 C:\laragon\www\BanThietBiDiDong\wp-content\plugins\woocommerce\includes\shortcodes\class-wc-shortcode-my-account.php(123): wc_get_template('myaccount/my-ac...', Array)
#9 C:\laragon\www\BanThietBiDiDong\wp-content\plugins\woocommerce\includes\shortcodes\class-wc-shortcode-my-account.php(72): WC_Shortcode_My_Account::my_account('')
#10 C:\laragon\www\BanThietBiDiDong\wp-content\plugins\woocommerce\includes\class-wc-shortcodes.php(72): WC_Shortcode_My_Account::output('')
#11 C:\laragon\www\BanThietBiDiDong\wp-content\plugins\woocommerce\includes\class-wc-shortcodes.php(115): WC_Shortcodes::shortcode_wrapper(Array, '')
#12 C:\laragon\www\BanThietBiDiDong\wp-includes\shortcodes.php(433): WC_Shortcodes::my_account('', '', 'woocommerce_my_...')
#13 [internal function]: do_shortcode_tag(Array)
#14 C:\laragon\www\BanThietBiDiDong\wp-includes\shortcodes.php(273): preg_replace_callback('/\\[(\\[?)(woocom...', 'do_shortcode_ta...', '[woocommerce_my...')
#15 C:\laragon\www\BanThietBiDiDong\wp-includes\class-wp-hook.php(324): do_shortcode('[woocommerce_my...')
#16 C:\laragon\www\BanThietBiDiDong\wp-includes\plugin.php(205): WP_Hook->apply_filters('[woocommerce_my...', Array)
#17 C:\laragon\www\BanThietBiDiDong\wp-includes\post-template.php(256): apply_filters('the_content', '<!-- wp:shortco...')
#18 C:\laragon\www\BanThietBiDiDong\wp-content\themes\orchid-store\template-parts\content-page.php(40): the_content()
#19 C:\laragon\www\BanThietBiDiDong\wp-includes\template.php(792): require('C:\\laragon\\www\\...')
#20 C:\laragon\www\BanThietBiDiDong\wp-includes\template.php(725): load_template('C:\\laragon\\www\\...', false, Array)
#21 C:\laragon\www\BanThietBiDiDong\wp-includes\general-template.php(206): locate_template(Array, true, false, Array)
#22 C:\laragon\www\BanThietBiDiDong\wp-content\themes\orchid-store\page.php(44): get_template_part('template-parts/...', 'page')
#23 C:\laragon\www\BanThietBiDiDong\wp-includes\template-loader.php(106): include('C:\\laragon\\www\\...')
#24 C:\laragon\www\BanThietBiDiDong\wp-blog-header.php(19): require_once('C:\\laragon\\www\\...')
#25 C:\laragon\www\BanThietBiDiDong\index.php(17): require('C:\\laragon\\www\\...')
#26 {main}
  thrown in C:\laragon\www\BanThietBiDiDong\wp-content\plugins\woocommerce\templates\myaccount\dashboard.php on line 83

2023-11-22T14:56:26+00:00 CRITICAL syntax error, unexpected variable "$s", expecting ")" in C:\laragon\www\BanThietBiDiDong\wp-content\plugins\woocommerce\templates\myaccount\dashboard.php on line 67

2023-11-22T15:05:23+00:00 CRITICAL syntax error, unexpected identifier "esc_url", expecting ")" in C:\laragon\www\BanThietBiDiDong\wp-content\plugins\woocommerce\templates\myaccount\dashboard.php on line 72

