2023-11-15T02:02:03+00:00 DEBUG Tt4b_Pixel_Class::inject_view_content_event: hit ViewContent
2023-11-15T02:02:03+00:00 DEBUG Tt4b_Pixel_Class::inject_view_content_event: Missing option "access_token"
2023-11-15T02:11:41+00:00 DEBUG Tt4b_Pixel_Class::inject_view_content_event: hit ViewContent
2023-11-15T02:11:41+00:00 DEBUG Tt4b_Pixel_Class::inject_view_content_event: Missing option "access_token"
2023-11-15T02:11:59+00:00 DEBUG Tt4b_Pixel_Class::inject_view_content_event: hit ViewContent
2023-11-15T02:11:59+00:00 DEBUG Tt4b_Pixel_Class::inject_view_content_event: Missing option "access_token"
2023-11-15T02:12:04+00:00 DEBUG Tt4b_Pixel_Class::inject_view_content_event: hit ViewContent
2023-11-15T02:12:05+00:00 DEBUG Tt4b_Pixel_Class::inject_view_content_event: Missing option "access_token"
2023-11-15T02:12:11+00:00 DEBUG Tt4b_Pixel_Class::inject_view_content_event: hit ViewContent
2023-11-15T02:12:11+00:00 DEBUG Tt4b_Pixel_Class::inject_view_content_event: Missing option "access_token"
2023-11-15T02:12:18+00:00 DEBUG Tt4b_Pixel_Class::inject_view_content_event: hit ViewContent
2023-11-15T02:12:18+00:00 DEBUG Tt4b_Pixel_Class::inject_view_content_event: Missing option "access_token"
2023-11-15T02:12:25+00:00 DEBUG Tt4b_Pixel_Class::inject_view_content_event: hit ViewContent
2023-11-15T02:12:25+00:00 DEBUG Tt4b_Pixel_Class::inject_view_content_event: Missing option "access_token"
2023-11-15T02:12:36+00:00 DEBUG Tt4b_Pixel_Class::inject_view_content_event: hit ViewContent
2023-11-15T02:12:36+00:00 DEBUG Tt4b_Pixel_Class::inject_view_content_event: Missing option "access_token"
2023-11-15T02:15:37+00:00 DEBUG Tt4b_Pixel_Class::inject_view_content_event: hit ViewContent
2023-11-15T02:15:37+00:00 DEBUG Tt4b_Pixel_Class::inject_view_content_event: Missing option "access_token"
2023-11-15T02:50:50+00:00 DEBUG POST: https://business-api.tiktok.com/tbp/v2.0/business_profile/disconnect?external_data=

{"business_platform":"WOO_COMMERCE","external_business_id":"tt4b_woocommerce_6552f573499fa"}
 ajax: no
2023-11-15T02:50:50+00:00 DEBUG Tt4b_Mapi_Class::tbp_post: Response: 

HTTP/1.1 200 OK
Server: TLB
Content-Type: application/json; charset=utf-8
Content-Length: 95
X-Api-Deprecation-Info: API for Business Version 1.3 is now live. To avoid disruption to your business, we recommend you migrate all calls to v1.3 as soon as possible. Please visit our migration guide for more details: https://ads.tiktok.com/marketing_api/docs?id=1740029169927169
X-Domain-Change-Info: We have moved to the new domain business-api.tiktok.com for API services after the Platform Upgrade on 09/30/2021. Please update all of your requests with the new domain if you haven't done so already. For more information, please visit https://ads.tiktok.com/marketing_api/docs?rid=esb88xalm6m&id=1709207085043713
X-Tt-Logid: 20231115025049B4CBBA40F8B4A603E4B0
Server-Timing: inner; dur=10
x-tt-trace-host: 013342656ce21a204f5f266e664fac006010411d9d63309cb652de47cdb6a5b852e2450593cd3895bfa64f144887b068690053c36c95c6eb342c6799d201e3d12f206df34ca32b43b5154c89a14d43cfd3ec3d8df62e734aa2ad7dd9547dc5966a
Expires: Wed, 15 Nov 2023 02:50:50 GMT
Cache-Control: max-age=0, no-cache, no-store
Pragma: no-cache
Date: Wed, 15 Nov 2023 02:50:50 GMT
X-Cache: TCP_MISS from a23-47-190-92.deploy.akamaitechnologies.com (AkamaiGHost/11.3.2-52183077) (-)
Connection: close
x-tt-trace-tag: id=16;cdn-cache=miss;type=dyn
Server-Timing: cdn-cache; desc=MISS, edge; dur=2, origin; dur=15
X-Origin-Response-Time: 15,23.47.190.92
X-Akamai-Request-ID: 3d1119e9

{"code":40001,"message":"Permission denied.","request_id":"20231115025049B4CBBA40F8B4A603E4B0"}

2023-11-15T02:50:50+00:00 DEBUG POST: https://business-api.tiktok.com/tbp/v2.0/shop/connection/disconnect?external_data=

--- EMPTY STRING ---
 ajax: no
2023-11-15T02:50:52+00:00 DEBUG Tt4b_Mapi_Class::tts_shop_disconnect: Response: 

HTTP/1.1 200 OK
Server: TLB
Content-Type: application/json; charset=utf-8
Content-Length: 95
X-Api-Deprecation-Info: API for Business Version 1.3 is now live. To avoid disruption to your business, we recommend you migrate all calls to v1.3 as soon as possible. Please visit our migration guide for more details: https://ads.tiktok.com/marketing_api/docs?id=1740029169927169
X-Domain-Change-Info: We have moved to the new domain business-api.tiktok.com for API services after the Platform Upgrade on 09/30/2021. Please update all of your requests with the new domain if you haven't done so already. For more information, please visit https://ads.tiktok.com/marketing_api/docs?rid=esb88xalm6m&id=1709207085043713
X-Tt-Logid: 20231115025050322DBEBB6F03FE03C597
Server-Timing: inner; dur=8
x-tt-trace-host: 013342656ce21a204f5f266e664fac006010411d9d63309cb652de47cdb6a5b852e2450593cd3895bfa64f144887b068690053c36c95c6eb342c6799d201e3d12f23a3cfc4ac4dd762a6b9f0523a620f350bbfe83d58c126ebfbe74cbb91f18565
Expires: Wed, 15 Nov 2023 02:50:51 GMT
Cache-Control: max-age=0, no-cache, no-store
Pragma: no-cache
Date: Wed, 15 Nov 2023 02:50:51 GMT
X-Cache: TCP_MISS from a23-47-190-92.deploy.akamaitechnologies.com (AkamaiGHost/11.3.2-52183077) (-)
Connection: close
x-tt-trace-tag: id=16;cdn-cache=miss;type=dyn
Server-Timing: cdn-cache; desc=MISS, edge; dur=2, origin; dur=14
X-Origin-Response-Time: 14,23.47.190.92
X-Akamai-Request-ID: 3d11213e

{"code":40001,"message":"Permission denied.","request_id":"20231115025050322DBEBB6F03FE03C597"}

